1607954397816	geckodriver	INFO	Listening on 127.0.0.1:11845
1607954400918	mozrunner::runner	INFO	Running command: "C:\\Program Files\\Mozilla Firefox\\firefox.exe" "--marionette" "--headless" "-foreground" "-no-remote" "-profile" "C:\\Users\\user\\AppData\\Local\\Temp\\rust_mozprofileg5nUPq"
*** You are running in headless mode.
JavaScript error: resource://gre/modules/XULStore.jsm, line 66: Error: Can't find profile directory.
console.warn: SearchSettings: "get: No settings file exists, new profile?" (new Error("", "(unknown module)"))
1607954402791	Marionette	INFO	Listening on port 11854
1607954402994	Marionette	WARN	TLS certificate errors will be ignored for this session
out of memory: 0x0000000000002000 bytes requested
A content process crashed and MOZ_CRASHREPORTER_SHUTDOWN is set, shutting down
1607954404471	Marionette	ERROR	[18] No reply from Marionette:Register
[Parent 45892, Gecko_IOThread] WARNING: file /builds/worker/checkouts/gecko/ipc/chromium/src/base/process_util_win.cc:166
1607954404609	Marionette	INFO	Stopped listening on port 11854
1607954429536	geckodriver	INFO	Listening on 127.0.0.1:11897
1607954432656	mozrunner::runner	INFO	Running command: "C:\\Program Files\\Mozilla Firefox\\firefox.exe" "--marionette" "--headless" "-foreground" "-no-remote" "-profile" "C:\\Users\\user\\AppData\\Local\\Temp\\rust_mozprofiletknBLD"
*** You are running in headless mode.
JavaScript error: resource://gre/modules/XULStore.jsm, line 66: Error: Can't find profile directory.
console.warn: SearchSettings: "get: No settings file exists, new profile?" (new Error("", "(unknown module)"))
1607954434140	Marionette	INFO	Listening on port 11905
1607954434210	Marionette	WARN	TLS certificate errors will be ignored for this session
Exiting due to channel error.
1607954489896	geckodriver	INFO	Listening on 127.0.0.1:11952
1607954492946	mozrunner::runner	INFO	Running command: "C:\\Program Files\\Mozilla Firefox\\firefox.exe" "--marionette" "--headless" "-foreground" "-no-remote" "-profile" "C:\\Users\\user\\AppData\\Local\\Temp\\rust_mozprofilejIrBza"
*** You are running in headless mode.
JavaScript error: resource://gre/modules/XULStore.jsm, line 66: Error: Can't find profile directory.
console.warn: SearchSettings: "get: No settings file exists, new profile?" (new Error("", "(unknown module)"))
1607954494342	Marionette	INFO	Listening on port 11960
1607954494510	Marionette	WARN	TLS certificate errors will be ignored for this session
[GFX1-]: Failed buffer for 0, 698, 717, 716
[GFX1-]: Failed buffer for 0, 698, 717, 716
[GFX1-]: Failed buffer for 0, 698, 717, 716
[GFX1-]: Failed buffer for 0, 698, 717, 716
[GFX1-]: Failed buffer for 0, 698, 717, 716
[GFX1-]: Failed buffer for 0, 698, 717, 716
[GFX1-]: Failed buffer for 0, 698, 717, 716
[GFX1-]: Failed buffer for 0, 698, 717, 716
[GFX1-]: Failed buffer for 0, 698, 717, 716
[GFX1-]: Failed buffer for 0, 698, 717, 716
[GFX1-]: Failed buffer for 0, 698, 717, 716
[GFX1-]: Failed buffer for 0, 698, 717, 716
[GFX1-]: Failed buffer for 0, 698, 717, 716
[Parent 45576, Gecko_IOThread] WARNING: pipe error: 232: file /builds/worker/checkouts/gecko/ipc/chromium/src/chrome/common/ipc_channel_win.cc:545
A content process crashed and MOZ_CRASHREPORTER_SHUTDOWN is set, shutting down
1607954496264	Marionette	ERROR	[18] No reply from Marionette:Register
[Parent 45576, Gecko_IOThread] WARNING: file /builds/worker/checkouts/gecko/ipc/chromium/src/base/process_util_win.cc:166
1607954496396	Marionette	INFO	Stopped listening on port 11960
1607954634646	geckodriver	INFO	Listening on 127.0.0.1:12100
1607954637776	mozrunner::runner	INFO	Running command: "C:\\Program Files\\Mozilla Firefox\\firefox.exe" "--marionette" "--headless" "-foreground" "-no-remote" "-profile" "C:\\Users\\user\\AppData\\Local\\Temp\\rust_mozprofileTvP260"
*** You are running in headless mode.
JavaScript error: resource://gre/modules/XULStore.jsm, line 66: Error: Can't find profile directory.
console.warn: SearchSettings: "get: No settings file exists, new profile?" (new Error("", "(unknown module)"))
1607954639584	Marionette	INFO	Listening on port 12108
1607954639831	Marionette	WARN	TLS certificate errors will be ignored for this session
console.error: SearchService: "maybeReloadEngines failed" "out of memory"
JavaScript error: , line 0: uncaught exception: out of memory
Hit MOZ_CRASH([unhandlable oom] Failed to allocate for GenericBuffer::put.) at /builds/worker/checkouts/gecko/js/src/vm/JSContext.cpp:1183
1607954703618	geckodriver	INFO	Listening on 127.0.0.1:12286
1607954706716	mozrunner::runner	INFO	Running command: "C:\\Program Files\\Mozilla Firefox\\firefox.exe" "--marionette" "--headless" "-foreground" "-no-remote" "-profile" "C:\\Users\\user\\AppData\\Local\\Temp\\rust_mozprofileiJoeZZ"
*** You are running in headless mode.
JavaScript error: resource://gre/modules/XULStore.jsm, line 66: Error: Can't find profile directory.
console.warn: SearchSettings: "get: No settings file exists, new profile?" (new Error("", "(unknown module)"))
1607954708483	Marionette	INFO	Listening on port 12303
1607954708792	Marionette	WARN	TLS certificate errors will be ignored for this session
out of memory: 0x0000000000001504 bytes requested
Exiting due to channel error.
1607954756656	geckodriver	INFO	Listening on 127.0.0.1:12392
1607954759736	mozrunner::runner	INFO	Running command: "C:\\Program Files\\Mozilla Firefox\\firefox.exe" "--marionette" "--headless" "-foreground" "-no-remote" "-profile" "C:\\Users\\user\\AppData\\Local\\Temp\\rust_mozprofile42aorR"
*** You are running in headless mode.
JavaScript error: resource://gre/modules/XULStore.jsm, line 66: Error: Can't find profile directory.
console.warn: SearchSettings: "get: No settings file exists, new profile?" (new Error("", "(unknown module)"))
1607954761078	Marionette	INFO	Listening on port 12400
1607954761301	Marionette	WARN	TLS certificate errors will be ignored for this session
JavaScript error: , line 0: uncaught exception: out of memory
JavaScript error: , line 0: uncaught exception: out of memory
JavaScript error: , line 0: uncaught exception: out of memory
_create_dc_and_bitmap: Not enough memory resources are available to process this command.
out of memory: 0x000000000000763C bytes requested
A content process crashed and MOZ_CRASHREPORTER_SHUTDOWN is set, shutting down
1607954761605	Marionette	ERROR	[21] No reply from Marionette:Register
[Parent 48332, Gecko_IOThread] WARNING: file /builds/worker/checkouts/gecko/ipc/chromium/src/base/process_util_win.cc:166
1607954761734	Marionette	INFO	Stopped listening on port 12400
1607954931536	geckodriver	INFO	Listening on 127.0.0.1:12475
1607954934646	mozrunner::runner	INFO	Running command: "C:\\Program Files\\Mozilla Firefox\\firefox.exe" "--marionette" "--headless" "-foreground" "-no-remote" "-profile" "C:\\Users\\user\\AppData\\Local\\Temp\\rust_mozprofile3k3tgL"
*** You are running in headless mode.
JavaScript error: resource://gre/modules/XULStore.jsm, line 66: Error: Can't find profile directory.
[GFX1-]: Failed buffer for 0, 0, 1366, 768
[GFX1-]: Failed buffer for 0, 0, 1366, 768
out of memory: 0x00000000000000A8 bytes requested
[GFX1]: [Tiling:Client] Failed to allocate a TextureClient

###!!! [Parent][MessageChannel] Error: (msgtype=0x3A0028,name=PContent::Msg_PreferenceUpdate) Channel error: cannot send/recv


###!!! [Parent][MessageChannel] Error: (msgtype=0x3A003A,name=PContent::Msg_UpdateSharedData) Channel error: cannot send/recv


###!!! [Parent][MessageChannel] Error: (msgtype=0x3A003A,name=PContent::Msg_UpdateSharedData) Channel error: cannot send/recv


###!!! [Parent][MessageChannel] Error: (msgtype=0x3A003A,name=PContent::Msg_UpdateSharedData) Channel error: cannot send/recv


###!!! [Parent][MessageChannel] Error: (msgtype=0x3A003A,name=PContent::Msg_UpdateSharedData) Channel error: cannot send/recv


###!!! [Parent][MessageChannel] Error: (msgtype=0x3A0028,name=PContent::Msg_PreferenceUpdate) Channel error: cannot send/recv


###!!! [Parent][MessageChannel] Error: (msgtype=0x3A0028,name=PContent::Msg_PreferenceUpdate) Channel error: cannot send/recv


###!!! [Parent][MessageChannel] Error: (msgtype=0x3A0028,name=PContent::Msg_PreferenceUpdate) Channel error: cannot send/recv


###!!! [Parent][MessageChannel] Error: (msgtype=0x3A0028,name=PContent::Msg_PreferenceUpdate) Channel error: cannot send/recv


###!!! [Parent][MessageChannel] Error: (msgtype=0x3A0028,name=PContent::Msg_PreferenceUpdate) Channel error: cannot send/recv


###!!! [Parent][MessageChannel] Error: (msgtype=0x3A0028,name=PContent::Msg_PreferenceUpdate) Channel error: cannot send/recv


###!!! [Parent][MessageChannel] Error: (msgtype=0x3A0028,name=PContent::Msg_PreferenceUpdate) Channel error: cannot send/recv


###!!! [Parent][MessageChannel] Error: (msgtype=0x3A0028,name=PContent::Msg_PreferenceUpdate) Channel error: cannot send/recv


###!!! [Parent][MessageChannel] Error: (msgtype=0x3A0028,name=PContent::Msg_PreferenceUpdate) Channel error: cannot send/recv


###!!! [Parent][MessageChannel] Error: (msgtype=0x3A0028,name=PContent::Msg_PreferenceUpdate) Channel error: cannot send/recv


###!!! [Parent][MessageChannel] Error: (msgtype=0x3A0028,name=PContent::Msg_PreferenceUpdate) Channel error: cannot send/recv


###!!! [Parent][MessageChannel] Error: (msgtype=0x3A0028,name=PContent::Msg_PreferenceUpdate) Channel error: cannot send/recv


###!!! [Parent][MessageChannel] Error: (msgtype=0x410006,name=PDocumentChannel::Msg_RedirectToRealChannel) Channel error: cannot send/recv


###!!! [Parent][MessageChannel] Error: (msgtype=0x3A0147,name=PContent::Msg_CommitBrowsingContextTransaction) Channel error: cannot send/recv


###!!! [Parent][MessageChannel] Error: (msgtype=0x410006,name=PDocumentChannel::Msg_RedirectToRealChannel) Channel error: cannot send/recv


###!!! [Parent][MessageChannel] Error: (msgtype=0x3A0147,name=PContent::Msg_CommitBrowsingContextTransaction) Channel error: cannot send/recv


###!!! [Parent][RunMessage] Error: Channel error: cannot send/recv


###!!! [Parent][RunMessage] Error: Channel error: cannot send/recv


###!!! [Parent][RunMessage] Error: Channel error: cannot send/recv


###!!! [Parent][RunMessage] Error: Channel error: cannot send/recv


###!!! [Parent][RunMessage] Error: Channel error: cannot send/recv


###!!! [Parent][RunMessage] Error: Channel error: cannot send/recv


###!!! [Parent][RunMessage] Error: Channel error: cannot send/recv


###!!! [Parent][RunMessage] Error: Channel error: cannot send/recv


###!!! [Parent][RunMessage] Error: Channel error: cannot send/recv


###!!! [Parent][RunMessage] Error: Channel error: cannot send/recv


###!!! [Parent][RunMessage] Error: Channel error: cannot send/recv


###!!! [Parent][RunMessage] Error: Channel error: cannot send/recv


###!!! [Parent][RunMessage] Error: Channel error: cannot send/recv


###!!! [Parent][RunMessage] Error: Channel error: cannot send/recv


###!!! [Parent][RunMessage] Error: Channel error: cannot send/recv


###!!! [Parent][RunMessage] Error: Channel error: cannot send/recv


###!!! [Parent][RunMessage] Error: Channel error: cannot send/recv


###!!! [Parent][RunMessage] Error: Channel error: cannot send/recv


###!!! [Parent][RunMessage] Error: Channel error: cannot send/recv


###!!! [Parent][RunMessage] Error: Channel error: cannot send/recv


###!!! [Parent][RunMessage] Error: Channel error: cannot send/recv


###!!! [Parent][MessageChannel] Error: (msgtype=0xAD0001,name=PVsync::Msg_Notify) Channel error: cannot send/recv


###!!! [Parent][RunMessage] Error: Channel error: cannot send/recv


###!!! [Parent][MessageChannel] Error: (msgtype=0xAD0001,name=PVsync::Msg_Notify) Channel error: cannot send/recv


###!!! [Parent][RunMessage] Error: Channel error: cannot send/recv

A content process crashed and MOZ_CRASHREPORTER_SHUTDOWN is set, shutting down
console.warn: SearchSettings: "get: No settings file exists, new profile?" (new Error("", "(unknown module)"))
[Parent 15300, Gecko_IOThread] WARNING: file /builds/worker/checkouts/gecko/ipc/chromium/src/base/process_util_win.cc:166
console.error: "Could not load engine google@search.mozilla.org: TypeError: AddonManagerInternal._getProviderByName(...) is undefined"
console.error: "Could not load engine readmoo@search.mozilla.org: TypeError: AddonManagerInternal._getProviderByName(...) is undefined"
console.error: "Could not load engine wikipedia@search.mozilla.org: TypeError: AddonManagerInternal._getProviderByName(...) is undefined"
console.error: "Could not load engine ddg@search.mozilla.org: TypeError: AddonManagerInternal._getProviderByName(...) is undefined"
console.warn: SearchService: "_init: abandoning init due to shutting down"
JavaScript error: resource://gre/modules/AsyncShutdown.jsm, line 554: uncaught exception: 2147500036
JavaScript error: resource://gre/modules/AsyncShutdown.jsm, line 554: uncaught exception: 2147500036
console.error: Region.jsm: "Error fetching region" (new TypeError("NetworkError when attempting to fetch resource.", "resource://gre/modules/Region.jsm", 705))
console.error: Region.jsm: "Failed to fetch region" (new Error("NO_RESULT", "resource://gre/modules/Region.jsm", 376))
1607955308333	geckodriver	INFO	Listening on 127.0.0.1:13215
1607955311379	mozrunner::runner	INFO	Running command: "C:\\Program Files\\Mozilla Firefox\\firefox.exe" "--marionette" "--headless" "-foreground" "-no-remote" "-profile" "C:\\Users\\user\\AppData\\Local\\Temp\\rust_mozprofileZoXBgM"
*** You are running in headless mode.
JavaScript error: resource://gre/modules/XULStore.jsm, line 66: Error: Can't find profile directory.
console.warn: SearchSettings: "get: No settings file exists, new profile?" (new Error("", "(unknown module)"))
1607955312909	Marionette	INFO	Listening on port 13232
1607955312934	Marionette	WARN	TLS certificate errors will be ignored for this session
Exiting due to channel error.
Listening on 127.0.0.1:7847
1607956630449	mozrunner::runner	INFO	Running command: "C:\\Program Files\\Mozilla Firefox\\firefox.exe" "--marionette" "--headless" "-foreground" "-no-remote" "-profile" "C:\\Users\\user\\AppData\\Local\\Temp\\rust_mozprofile9fMo9I"
*** You are running in headless mode.
JavaScript error: resource://gre/modules/XULStore.jsm, line 66: Error: Can't find profile directory.
console.warn: SearchSettings: "get: No settings file exists, new profile?" (new Error("", "(unknown module)"))
1607956631641	Marionette	INFO	Listening on port 7855
1607956631992	Marionette	WARN	TLS certificate errors will be ignored for this session
1607963696404	geckodriver	INFO	Listening on 127.0.0.1:3588
1607963699520	mozrunner::runner	INFO	Running command: "C:\\Program Files\\Mozilla Firefox\\firefox.exe" "--marionette" "--headless" "-foreground" "-no-remote" "-profile" "C:\\Users\\user\\AppData\\Local\\Temp\\rust_mozprofileIB9AKq"
*** You are running in headless mode.
JavaScript error: resource://gre/modules/XULStore.jsm, line 66: Error: Can't find profile directory.
console.warn: SearchSettings: "get: No settings file exists, new profile?" (new Error("", "(unknown module)"))
1607963700745	Marionette	INFO	Listening on port 3596
1607963701081	Marionette	WARN	TLS certificate errors will be ignored for this session
1607964370986	geckodriver	INFO	Listening on 127.0.0.1:4419
1607964374090	mozrunner::runner	INFO	Running command: "C:\\Program Files\\Mozilla Firefox\\firefox.exe" "--marionette" "--headless" "-foreground" "-no-remote" "-profile" "C:\\Users\\user\\AppData\\Local\\Temp\\rust_mozprofileRSDuUM"
*** You are running in headless mode.
JavaScript error: resource://gre/modules/XULStore.jsm, line 66: Error: Can't find profile directory.
console.warn: SearchSettings: "get: No settings file exists, new profile?" (new Error("", "(unknown module)"))
1607964375376	Marionette	INFO	Listening on port 4427
1607964375630	Marionette	WARN	TLS certificate errors will be ignored for this session
Exiting due to channel error.
Listening on 127.0.0.1:5110
1607964969607	mozrunner::runner	INFO	Running command: "C:\\Program Files\\Mozilla Firefox\\firefox.exe" "--marionette" "--headless" "-foreground" "-no-remote" "-profile" "C:\\Users\\user\\AppData\\Local\\Temp\\rust_mozprofileZirjMv"
*** You are running in headless mode.
JavaScript error: resource://gre/modules/XULStore.jsm, line 66: Error: Can't find profile directory.
console.warn: SearchSettings: "get: No settings file exists, new profile?" (new Error("", "(unknown module)"))
1607964970927	Marionette	INFO	Listening on port 5118
1607964971126	Marionette	WARN	TLS certificate errors will be ignored for this session
1607965433000	geckodriver	INFO	Listening on 127.0.0.1:5874
1607965436038	mozrunner::runner	INFO	Running command: "C:\\Program Files\\Mozilla Firefox\\firefox.exe" "--marionette" "--headless" "-foreground" "-no-remote" "-profile" "C:\\Users\\user\\AppData\\Local\\Temp\\rust_mozprofilea3heDw"
*** You are running in headless mode.
JavaScript error: resource://gre/modules/XULStore.jsm, line 66: Error: Can't find profile directory.
console.warn: SearchSettings: "get: No settings file exists, new profile?" (new Error("", "(unknown module)"))
1607965437247	Marionette	INFO	Listening on port 5882
1607965437561	Marionette	WARN	TLS certificate errors will be ignored for this session
Exiting due to channel error.
Exiting due to channel error.
8005417376	mozrunner::runner	INFO	Running command: "C:\\Program Files\\Mozilla Firefox\\firefox.exe" "--marionette" "--headless" "-foreground" "-no-remote" "-profile" "C:\\Users\\user\\AppData\\Local\\Temp\\rust_mozprofilem99Clc"
*** You are running in headless mode.
JavaScript error: resource://gre/modules/XULStore.jsm, line 66: Error: Can't find profile directory.
console.warn: SearchSettings: "get: No settings file exists, new profile?" (new Error("", "(unknown module)"))
1608005418752	Marionette	INFO	Listening on port 7139
1608005418901	Marionette	WARN	TLS certificate errors will be ignored for this session
Exiting due to channel error.
Listening on 127.0.0.1:8108
1608006990432	mozrunner::runner	INFO	Running command: "C:\\Program Files\\Mozilla Firefox\\firefox.exe" "--marionette" "--headless" "-foreground" "-no-remote" "-profile" "C:\\Users\\user\\AppData\\Local\\Temp\\rust_mozprofile8xRxjN"
*** You are running in headless mode.
JavaScript error: resource://gre/modules/XULStore.jsm, line 66: Error: Can't find profile directory.
console.warn: SearchSettings: "get: No settings file exists, new profile?" (new Error("", "(unknown module)"))
1608006991770	Marionette	INFO	Listening on port 8116
1608006991954	Marionette	WARN	TLS certificate errors will be ignored for this session
1608020393525	geckodriver	INFO	Listening on 127.0.0.1:9022
1608020396552	mozrunner::runner	INFO	Running command: "C:\\Program Files\\Mozilla Firefox\\firefox.exe" "--marionette" "--headless" "-foreground" "-no-remote" "-profile" "C:\\Users\\user\\AppData\\Local\\Temp\\rust_mozprofilepeGLAh"
*** You are running in headless mode.
JavaScript error: resource://gre/modules/XULStore.jsm, line 66: Error: Can't find profile directory.
console.warn: SearchSettings: "get: No settings file exists, new profile?" (new Error("", "(unknown module)"))
1608020397925	Marionette	INFO	Listening on port 9030
1608020398071	Marionette	WARN	TLS certificate errors will be ignored for this session
Exiting due to channel error.
Exiting due to channel error.
1608022388560	geckodriver	INFO	Listening on 127.0.0.1:1525
1608022391611	mozrunner::runner	INFO	Running command: "C:\\Program Files\\Mozilla Firefox\\firefox.exe" "--marionette" "--headless" "-foreground" "-no-remote" "-profile" "C:\\Users\\user\\AppData\\Local\\Temp\\rust_mozprofile6QzTmC"
*** You are running in headless mode.
JavaScript error: resource://gre/modules/XULStore.jsm, line 66: Error: Can't find profile directory.
console.warn: SearchSettings: "get: No settings file exists, new profile?" (new Error("", "(unknown module)"))
1608022393000	Marionette	INFO	Listening on port 1533
1608022393137	Marionette	WARN	TLS certificate errors will be ignored for this session
1608023486405	geckodriver	INFO	Listening on 127.0.0.1:2426
1608023489451	mozrunner::runner	INFO	Running command: "C:\\Program Files\\Mozilla Firefox\\firefox.exe" "--marionette" "--headless" "-foreground" "-no-remote" "-profile" "C:\\Users\\user\\AppData\\Local\\Temp\\rust_mozprofilehUwTOy"
*** You are running in headless mode.
JavaScript error: resource://gre/modules/XULStore.jsm, line 66: Error: Can't find profile directory.
console.warn: SearchSettings: "get: No settings file exists, new profile?" (new Error("", "(unknown module)"))
1608023490638	Marionette	INFO	Listening on port 2434
1608023490972	Marionette	WARN	TLS certificate errors will be ignored for this session
1608024188402	geckodriver	INFO	Listening on 127.0.0.1:3297
1608024191456	mozrunner::runner	INFO	Running command: "C:\\Program Files\\Mozilla Firefox\\firefox.exe" "--marionette" "--headless" "-foreground" "-no-remote" "-profile" "C:\\Users\\user\\AppData\\Local\\Temp\\rust_mozprofilebjMern"
*** You are running in headless mode.
JavaScript error: resource://gre/modules/XULStore.jsm, line 66: Error: Can't find profile directory.
console.warn: SearchSettings: "get: No settings file exists, new profile?" (new Error("", "(unknown module)"))
1608024192710	Marionette	INFO	Listening on port 3306
1608024192978	Marionette	WARN	TLS certificate errors will be ignored for this session
1608024760859	geckodriver	INFO	Listening on 127.0.0.1:4078
1608024763915	mozrunner::runner	INFO	Running command: "C:\\Program Files\\Mozilla Firefox\\firefox.exe" "--marionette" "--headless" "-foreground" "-no-remote" "-profile" "C:\\Users\\user\\AppData\\Local\\Temp\\rust_mozprofileJe3edT"
*** You are running in headless mode.
JavaScript error: resource://gre/modules/XULStore.jsm, line 66: Error: Can't find profile directory.
console.warn: SearchSettings: "get: No settings file exists, new profile?" (new Error("", "(unknown module)"))
1608024765159	Marionette	INFO	Listening on port 4086
1608024765438	Marionette	WARN	TLS certificate errors will be ignored for this session
1608025979452	geckodriver	INFO	Listening on 127.0.0.1:4886
1608025982493	mozrunner::runner	INFO	Running command: "C:\\Program Files\\Mozilla Firefox\\firefox.exe" "--marionette" "--headless" "-foreground" "-no-remote" "-profile" "C:\\Users\\user\\AppData\\Local\\Temp\\rust_mozprofilezKJh3f"
*** You are running in headless mode.
JavaScript error: resource://gre/modules/XULStore.jsm, line 66: Error: Can't find profile directory.
console.warn: SearchSettings: "get: No settings file exists, new profile?" (new Error("", "(unknown module)"))
1608025983788	Marionette	INFO	Listening on port 4894
1608025984012	Marionette	WARN	TLS certificate errors will be ignored for this session
1608026595159	geckodriver	INFO	Listening on 127.0.0.1:5667
1608026598201	mozrunner::runner	INFO	Running command: "C:\\Program Files\\Mozilla Firefox\\firefox.exe" "--marionette" "--headless" "-foreground" "-no-remote" "-profile" "C:\\Users\\user\\AppData\\Local\\Temp\\rust_mozprofileXvW88i"
*** You are running in headless mode.
JavaScript error: resource://gre/modules/XULStore.jsm, line 66: Error: Can't find profile directory.
console.warn: SearchSettings: "get: No settings file exists, new profile?" (new Error("", "(unknown module)"))
1608026599393	Marionette	INFO	Listening on port 5675
1608026599721	Marionette	WARN	TLS certificate errors will be ignored for this session
1608029954745	geckodriver	INFO	Listening on 127.0.0.1:6110
1608029957802	mozrunner::runner	INFO	Running command: "C:\\Program Files\\Mozilla Firefox\\firefox.exe" "--marionette" "--headless" "-foreground" "-no-remote" "-profile" "C:\\Users\\user\\AppData\\Local\\Temp\\rust_mozprofilek32vUV"
*** You are running in headless mode.
JavaScript error: resource://gre/modules/XULStore.jsm, line 66: Error: Can't find profile directory.
console.warn: SearchSettings: "get: No settings file exists, new profile?" (new Error("", "(unknown module)"))
1608029959007	Marionette	INFO	Listening on port 6118
1608029959326	Marionette	WARN	TLS certificate errors will be ignored for this session
Exiting due to channel error.
Exiting due to channel error.
8030865744	mozrunner::runner	INFO	Running command: "C:\\Program Files\\Mozilla Firefox\\firefox.exe" "--marionette" "--headless" "-foreground" "-no-remote" "-profile" "C:\\Users\\user\\AppData\\Local\\Temp\\rust_mozprofileS11vwm"
*** You are running in headless mode.
JavaScript error: resource://gre/modules/XULStore.jsm, line 66: Error: Can't find profile directory.
console.warn: SearchSettings: "get: No settings file exists, new profile?" (new Error("", "(unknown module)"))
1608030867177	Marionette	INFO	Listening on port 6827
1608030867269	Marionette	WARN	TLS certificate errors will be ignored for this session
1608032087081	geckodriver	INFO	Listening on 127.0.0.1:7618
1608032090116	mozrunner::runner	INFO	Running command: "C:\\Program Files\\Mozilla Firefox\\firefox.exe" "--marionette" "--headless" "-foreground" "-no-remote" "-profile" "C:\\Users\\user\\AppData\\Local\\Temp\\rust_mozprofile0BDyu9"
*** You are running in headless mode.
JavaScript error: resource://gre/modules/XULStore.jsm, line 66: Error: Can't find profile directory.
console.warn: SearchSettings: "get: No settings file exists, new profile?" (new Error("", "(unknown module)"))
1608032091378	Marionette	INFO	Listening on port 7626
1608032091640	Marionette	WARN	TLS certificate errors will be ignored for this session
1608048591035	geckodriver	INFO	Listening on 127.0.0.1:8512
1608048594060	mozrunner::runner	INFO	Running command: "C:\\Program Files\\Mozilla Firefox\\firefox.exe" "--marionette" "--headless" "-foreground" "-no-remote" "-profile" "C:\\Users\\user\\AppData\\Local\\Temp\\rust_mozprofileLHj1YB"
*** You are running in headless mode.
JavaScript error: resource://gre/modules/XULStore.jsm, line 66: Error: Can't find profile directory.
console.warn: SearchSettings: "get: No settings file exists, new profile?" (new Error("", "(unknown module)"))
1608048595529	Marionette	INFO	Listening on port 8522
1608048595587	Marionette	WARN	TLS certificate errors will be ignored for this session
console.error: Region.jsm: "Error fetching region" (new Error("TIMEOUT", "resource://gre/modules/Region.jsm", 726))
console.error: Region.jsm: "Failed to fetch region" (new Error("TIMEOUT", "resource://gre/modules/Region.jsm", 376))
1608049182067	geckodriver	INFO	Listening on 127.0.0.1:9297
1608049185124	mozrunner::runner	INFO	Running command: "C:\\Program Files\\Mozilla Firefox\\firefox.exe" "--marionette" "--headless" "-foreground" "-no-remote" "-profile" "C:\\Users\\user\\AppData\\Local\\Temp\\rust_mozprofileqGQCut"
*** You are running in headless mode.
JavaScript error: resource://gre/modules/XULStore.jsm, line 66: Error: Can't find profile directory.
console.warn: SearchSettings: "get: No settings file exists, new profile?" (new Error("", "(unknown module)"))
1608049186895	Marionette	INFO	Listening on port 9305
1608049187149	Marionette	WARN	TLS certificate errors will be ignored for this session
console.error: Region.jsm: "Error fetching region" (new SyntaxError("JSON.parse: unexpected end of data at line 1 column 1 of the JSON data", ""))
console.error: Region.jsm: "Failed to fetch region" (new Error("NO_RESULT", "resource://gre/modules/Region.jsm", 376))
Exiting due to channel error.
Exiting due to channel error.
8049940538	mozrunner::runner	INFO	Running command: "C:\\Program Files\\Mozilla Firefox\\firefox.exe" "--marionette" "--headless" "-foreground" "-no-remote" "-profile" "C:\\Users\\user\\AppData\\Local\\Temp\\rust_mozprofile4HJNUM"
*** You are running in headless mode.
JavaScript error: resource://gre/modules/XULStore.jsm, line 66: Error: Can't find profile directory.
console.warn: SearchSettings: "get: No settings file exists, new profile?" (new Error("", "(unknown module)"))
1608049941767	Marionette	INFO	Listening on port 9953
1608049942087	Marionette	WARN	TLS certificate errors will be ignored for this session
1608051118597	geckodriver	INFO	Listening on 127.0.0.1:10767
1608051121652	mozrunner::runner	INFO	Running command: "C:\\Program Files\\Mozilla Firefox\\firefox.exe" "--marionette" "--headless" "-foreground" "-no-remote" "-profile" "C:\\Users\\user\\AppData\\Local\\Temp\\rust_mozprofileiEBmFi"
*** You are running in headless mode.
JavaScript error: resource://gre/modules/XULStore.jsm, line 66: Error: Can't find profile directory.
console.warn: SearchSettings: "get: No settings file exists, new profile?" (new Error("", "(unknown module)"))
1608051123080	Marionette	INFO	Listening on port 10775
1608051123174	Marionette	WARN	TLS certificate errors will be ignored for this session
Exiting due to channel error.
Listening on 127.0.0.1:11529
1608052199107	mozrunner::runner	INFO	Running command: "C:\\Program Files\\Mozilla Firefox\\firefox.exe" "--marionette" "--headless" "-foreground" "-no-remote" "-profile" "C:\\Users\\user\\AppData\\Local\\Temp\\rust_mozprofileEhXEg1"
*** You are running in headless mode.
JavaScript error: resource://gre/modules/XULStore.jsm, line 66: Error: Can't find profile directory.
console.warn: SearchSettings: "get: No settings file exists, new profile?" (new Error("", "(unknown module)"))
1608052200382	Marionette	INFO	Listening on port 11537
1608052200627	Marionette	WARN	TLS certificate errors will be ignored for this session
JavaScript error: https://law.judicial.gov.tw/js/jquery-3.2.1.min.js, line 1: SyntaxError: expected expression, got '<'
JavaScript error: https://law.judicial.gov.tw/js/isMobile.js, line 1: SyntaxError: expected expression, got '<'
JavaScript error: https://law.judicial.gov.tw/js/tinybox.js, line 1: SyntaxError: expected expression, got '<'
JavaScript error: https://law.judicial.gov.tw/js/terms-tooltip.js, line 1: SyntaxError: expected expression, got '<'
JavaScript error: https://law.judicial.gov.tw/FJUD/data.aspx?q=8d82afe19b7422036b6e1024d51dc842&sort=DS&ro=303&ot=in, line 34: TypeError: $ is not a function
JavaScript error: https://law.judicial.gov.tw/js/functions.js, line 1: SyntaxError: expected expression, got '<'
JavaScript error: https://law.judicial.gov.tw/js/UrlShare.js, line 1: SyntaxError: expected expression, got '<'
JavaScript error: https://law.judicial.gov.tw/FJUD/data.aspx?q=8d82afe19b7422036b6e1024d51dc842&sort=DS&ro=303&ot=in, line 111: TypeError: $ is not a function
JavaScript error: https://law.judicial.gov.tw/js/jquery-3.2.1.min.js, line 2: NS_ERROR_NOT_INITIALIZED: 
1608055151413	geckodriver	INFO	Listening on 127.0.0.1:1493
1608055154482	mozrunner::runner	INFO	Running command: "C:\\Program Files\\Mozilla Firefox\\firefox.exe" "--marionette" "--headless" "-foreground" "-no-remote" "-profile" "C:\\Users\\user\\AppData\\Local\\Temp\\rust_mozprofileYEJDmD"
*** You are running in headless mode.
JavaScript error: resource://gre/modules/XULStore.jsm, line 66: Error: Can't find profile directory.
console.warn: SearchSettings: "get: No settings file exists, new profile?" (new Error("", "(unknown module)"))
1608055155858	Marionette	INFO	Listening on port 1501
1608055156012	Marionette	WARN	TLS certificate errors will be ignored for this session
JavaScript error: , line 0: NS_ERROR_NOT_AVAILABLE
1:2435
1608055915052	mozrunner::runner	INFO	Running command: "C:\\Program Files\\Mozilla Firefox\\firefox.exe" "--marionette" "--headless" "-foreground" "-no-remote" "-profile" "C:\\Users\\user\\AppData\\Local\\Temp\\rust_mozprofileyVrwkS"
*** You are running in headless mode.
JavaScript error: resource://gre/modules/XULStore.jsm, line 66: Error: Can't find profile directory.
console.warn: SearchSettings: "get: No settings file exists, new profile?" (new Error("", "(unknown module)"))
1608055916286	Marionette	INFO	Listening on port 2443
1608055916573	Marionette	WARN	TLS certificate errors will be ignored for this session
JavaScript error: , line 0: NS_ERROR_NOT_AVAILABLE
1:3188
1608056499991	mozrunner::runner	INFO	Running command: "C:\\Program Files\\Mozilla Firefox\\firefox.exe" "--marionette" "--headless" "-foreground" "-no-remote" "-profile" "C:\\Users\\user\\AppData\\Local\\Temp\\rust_mozprofileuB6vsO"
*** You are running in headless mode.
JavaScript error: resource://gre/modules/XULStore.jsm, line 66: Error: Can't find profile directory.
console.warn: SearchSettings: "get: No settings file exists, new profile?" (new Error("", "(unknown module)"))
1608056501195	Marionette	INFO	Listening on port 3196
1608056501512	Marionette	WARN	TLS certificate errors will be ignored for this session
JavaScript error: , line 0: NS_ERROR_NOT_AVAILABLE
1:4013
1608057566483	mozrunner::runner	INFO	Running command: "C:\\Program Files\\Mozilla Firefox\\firefox.exe" "--marionette" "--headless" "-foreground" "-no-remote" "-profile" "C:\\Users\\user\\AppData\\Local\\Temp\\rust_mozprofileTjySVt"
*** You are running in headless mode.
JavaScript error: resource://gre/modules/XULStore.jsm, line 66: Error: Can't find profile directory.
console.warn: SearchSettings: "get: No settings file exists, new profile?" (new Error("", "(unknown module)"))
1608057567693	Marionette	INFO	Listening on port 4021
1608057568011	Marionette	WARN	TLS certificate errors will be ignored for this session
JavaScript error: , line 0: NS_ERROR_NOT_AVAILABLE
Exiting due to channel error.
:runner	INFO	Running command: "C:\\Program Files\\Mozilla Firefox\\firefox.exe" "--marionette" "--headless" "-foreground" "-no-remote" "-profile" "C:\\Users\\user\\AppData\\Local\\Temp\\rust_mozprofileHi5UA5"
*** You are running in headless mode.
JavaScript error: resource://gre/modules/XULStore.jsm, line 66: Error: Can't find profile directory.
console.warn: SearchSettings: "get: No settings file exists, new profile?" (new Error("", "(unknown module)"))
1608058436329	Marionette	INFO	Listening on port 4237
1608058436637	Marionette	WARN	TLS certificate errors will be ignored for this session
JavaScript error: , line 0: NS_ERROR_NOT_AVAILABLE
1:5020
1608059237928	mozrunner::runner	INFO	Running command: "C:\\Program Files\\Mozilla Firefox\\firefox.exe" "--marionette" "--headless" "-foreground" "-no-remote" "-profile" "C:\\Users\\user\\AppData\\Local\\Temp\\rust_mozprofileeTll6m"
*** You are running in headless mode.
JavaScript error: resource://gre/modules/XULStore.jsm, line 66: Error: Can't find profile directory.
console.warn: SearchSettings: "get: No settings file exists, new profile?" (new Error("", "(unknown module)"))
1608059239150	Marionette	INFO	Listening on port 5028
1608059239453	Marionette	WARN	TLS certificate errors will be ignored for this session
JavaScript error: , line 0: NS_ERROR_NOT_AVAILABLE
1:5866
1608060755700	mozrunner::runner	INFO	Running command: "C:\\Program Files\\Mozilla Firefox\\firefox.exe" "--marionette" "--headless" "-foreground" "-no-remote" "-profile" "C:\\Users\\user\\AppData\\Local\\Temp\\rust_mozprofileqq2X9H"
*** You are running in headless mode.
JavaScript error: resource://gre/modules/XULStore.jsm, line 66: Error: Can't find profile directory.
console.warn: SearchSettings: "get: No settings file exists, new profile?" (new Error("", "(unknown module)"))
1608060757052	Marionette	INFO	Listening on port 5874
1608060757221	Marionette	WARN	TLS certificate errors will be ignored for this session
JavaScript error: , line 0: NS_ERROR_NOT_AVAILABLE
Exiting due to channel error.
:runner	INFO	Running command: "C:\\Program Files\\Mozilla Firefox\\firefox.exe" "--marionette" "--headless" "-foreground" "-no-remote" "-profile" "C:\\Users\\user\\AppData\\Local\\Temp\\rust_mozprofilep2MYD9"
*** You are running in headless mode.
JavaScript error: resource://gre/modules/XULStore.jsm, line 66: Error: Can't find profile directory.
console.warn: SearchSettings: "get: No settings file exists, new profile?" (new Error("", "(unknown module)"))
1608062961102	Marionette	INFO	Listening on port 6806
1608062961318	Marionette	WARN	TLS certificate errors will be ignored for this session
JavaScript error: , line 0: NS_ERROR_NOT_AVAILABLE
1:7609
1608064726022	mozrunner::runner	INFO	Running command: "C:\\Program Files\\Mozilla Firefox\\firefox.exe" "--marionette" "--headless" "-foreground" "-no-remote" "-profile" "C:\\Users\\user\\AppData\\Local\\Temp\\rust_mozprofileNq8yI7"
*** You are running in headless mode.
JavaScript error: resource://gre/modules/XULStore.jsm, line 66: Error: Can't find profile directory.
console.warn: SearchSettings: "get: No settings file exists, new profile?" (new Error("", "(unknown module)"))
1608064727261	Marionette	INFO	Listening on port 7617
1608064727546	Marionette	WARN	TLS certificate errors will be ignored for this session
JavaScript error: , line 0: NS_ERROR_NOT_AVAILABLE
1:9245
1608122308708	mozrunner::runner	INFO	Running command: "C:\\Program Files\\Mozilla Firefox\\firefox.exe" "--marionette" "--headless" "-foreground" "-no-remote" "-profile" "C:\\Users\\user\\AppData\\Local\\Temp\\rust_mozprofileLl5mPG"
*** You are running in headless mode.
JavaScript error: resource://gre/modules/XULStore.jsm, line 66: Error: Can't find profile directory.
console.warn: SearchSettings: "get: No settings file exists, new profile?" (new Error("", "(unknown module)"))
1608122310177	Marionette	INFO	Listening on port 9254
1608122310236	Marionette	WARN	TLS certificate errors will be ignored for this session
console.error: Region.jsm: "Error fetching region" (new Error("TIMEOUT", "resource://gre/modules/Region.jsm", 726))
console.error: Region.jsm: "Failed to fetch region" (new Error("TIMEOUT", "resource://gre/modules/Region.jsm", 376))
1608138918237	geckodriver	INFO	Listening on 127.0.0.1:11565
1608138921277	mozrunner::runner	INFO	Running command: "C:\\Program Files\\Mozilla Firefox\\firefox.exe" "--marionette" "--headless" "-foreground" "-no-remote" "-profile" "C:\\Users\\user\\AppData\\Local\\Temp\\rust_mozprofileoUyOep"
*** You are running in headless mode.
JavaScript error: resource://gre/modules/XULStore.jsm, line 66: Error: Can't find profile directory.
console.warn: SearchSettings: "get: No settings file exists, new profile?" (new Error("", "(unknown module)"))
1608138923102	Marionette	INFO	Listening on port 11575
1608138923309	Marionette	WARN	TLS certificate errors will be ignored for this session
1608139770453	geckodriver	INFO	Listening on 127.0.0.1:12440
1608139773544	mozrunner::runner	INFO	Running command: "C:\\Program Files\\Mozilla Firefox\\firefox.exe" "--marionette" "--headless" "-foreground" "-no-remote" "-profile" "C:\\Users\\user\\AppData\\Local\\Temp\\rust_mozprofile7qMjzj"
*** You are running in headless mode.
JavaScript error: resource://gre/modules/XULStore.jsm, line 66: Error: Can't find profile directory.
console.warn: SearchSettings: "get: No settings file exists, new profile?" (new Error("", "(unknown module)"))
1608139775286	Marionette	INFO	Listening on port 12448
1608139775573	Marionette	WARN	TLS certificate errors will be ignored for this session
Exiting due to channel error.
Listening on 127.0.0.1:13222
1608141332095	mozrunner::runner	INFO	Running command: "C:\\Program Files\\Mozilla Firefox\\firefox.exe" "--marionette" "--headless" "-foreground" "-no-remote" "-profile" "C:\\Users\\user\\AppData\\Local\\Temp\\rust_mozprofile2bwhsx"
*** You are running in headless mode.
JavaScript error: resource://gre/modules/XULStore.jsm, line 66: Error: Can't find profile directory.
console.warn: SearchSettings: "get: No settings file exists, new profile?" (new Error("", "(unknown module)"))
1608141333714	Marionette	INFO	Listening on port 13230
1608141334124	Marionette	WARN	TLS certificate errors will be ignored for this session
1608141776832	geckodriver	INFO	Listening on 127.0.0.1:13933
1608141779894	mozrunner::runner	INFO	Running command: "C:\\Program Files\\Mozilla Firefox\\firefox.exe" "--marionette" "--headless" "-foreground" "-no-remote" "-profile" "C:\\Users\\user\\AppData\\Local\\Temp\\rust_mozprofile7PH1nn"
*** You are running in headless mode.
JavaScript error: resource://gre/modules/XULStore.jsm, line 66: Error: Can't find profile directory.
console.warn: SearchSettings: "get: No settings file exists, new profile?" (new Error("", "(unknown module)"))
1608141781286	Marionette	INFO	Listening on port 13941
1608141781412	Marionette	WARN	TLS certificate errors will be ignored for this session
1608142241672	geckodriver	INFO	Listening on 127.0.0.1:14710
1608142244711	mozrunner::runner	INFO	Running command: "C:\\Program Files\\Mozilla Firefox\\firefox.exe" "--marionette" "--headless" "-foreground" "-no-remote" "-profile" "C:\\Users\\user\\AppData\\Local\\Temp\\rust_mozprofileGR3pLA"
*** You are running in headless mode.
JavaScript error: resource://gre/modules/XULStore.jsm, line 66: Error: Can't find profile directory.
console.warn: SearchSettings: "get: No settings file exists, new profile?" (new Error("", "(unknown module)"))
1608142246072	Marionette	INFO	Listening on port 14718
1608142246232	Marionette	WARN	TLS certificate errors will be ignored for this session
1608143065574	geckodriver	INFO	Listening on 127.0.0.1:1155
1608143068633	mozrunner::runner	INFO	Running command: "C:\\Program Files\\Mozilla Firefox\\firefox.exe" "--marionette" "--headless" "-foreground" "-no-remote" "-profile" "C:\\Users\\user\\AppData\\Local\\Temp\\rust_mozprofileD9Qek8"
*** You are running in headless mode.
JavaScript error: resource://gre/modules/XULStore.jsm, line 66: Error: Can't find profile directory.
console.warn: SearchSettings: "get: No settings file exists, new profile?" (new Error("", "(unknown module)"))
1608143069867	Marionette	INFO	Listening on port 1163
1608143070160	Marionette	WARN	TLS certificate errors will be ignored for this session
Exiting due to channel error.
Listening on 127.0.0.1:2002
1608143656501	mozrunner::runner	INFO	Running command: "C:\\Program Files\\Mozilla Firefox\\firefox.exe" "--marionette" "--headless" "-foreground" "-no-remote" "-profile" "C:\\Users\\user\\AppData\\Local\\Temp\\rust_mozprofileWb8afJ"
*** You are running in headless mode.
JavaScript error: resource://gre/modules/XULStore.jsm, line 66: Error: Can't find profile directory.
console.warn: SearchSettings: "get: No settings file exists, new profile?" (new Error("", "(unknown module)"))
1608143657833	Marionette	INFO	Listening on port 2010
1608143658021	Marionette	WARN	TLS certificate errors will be ignored for this session
Exiting due to channel error.
Listening on 127.0.0.1:2920
1608164822022	mozrunner::runner	INFO	Running command: "C:\\Program Files\\Mozilla Firefox\\firefox.exe" "--marionette" "--headless" "-foreground" "-no-remote" "-profile" "C:\\Users\\user\\AppData\\Local\\Temp\\rust_mozprofilewxeXlY"
*** You are running in headless mode.
JavaScript error: resource://gre/modules/XULStore.jsm, line 66: Error: Can't find profile directory.
console.warn: SearchSettings: "get: No settings file exists, new profile?" (new Error("", "(unknown module)"))
1608164823403	Marionette	INFO	Listening on port 2928
1608164823563	Marionette	WARN	TLS certificate errors will be ignored for this session
1608184480760	geckodriver	INFO	Listening on 127.0.0.1:4789
1608184483843	mozrunner::runner	INFO	Running command: "C:\\Program Files\\Mozilla Firefox\\firefox.exe" "--marionette" "--headless" "-foreground" "-no-remote" "-profile" "C:\\Users\\user\\AppData\\Local\\Temp\\rust_mozprofileDbWYHP"
*** You are running in headless mode.
JavaScript error: resource://gre/modules/XULStore.jsm, line 66: Error: Can't find profile directory.
console.warn: SearchSettings: "get: No settings file exists, new profile?" (new Error("", "(unknown module)"))
1608184485532	Marionette	INFO	Listening on port 4799
1608184485873	Marionette	WARN	TLS certificate errors will be ignored for this session
1608186638127	geckodriver	INFO	Listening on 127.0.0.1:5862
1608186641160	mozrunner::runner	INFO	Running command: "C:\\Program Files\\Mozilla Firefox\\firefox.exe" "--marionette" "--headless" "-foreground" "-no-remote" "-profile" "C:\\Users\\user\\AppData\\Local\\Temp\\rust_mozprofileLSIQ1f"
*** You are running in headless mode.
JavaScript error: resource://gre/modules/XULStore.jsm, line 66: Error: Can't find profile directory.
console.warn: SearchSettings: "get: No settings file exists, new profile?" (new Error("", "(unknown module)"))
1608186642373	Marionette	INFO	Listening on port 5870
1608186642681	Marionette	WARN	TLS certificate errors will be ignored for this session
Exiting due to channel error.
Exiting due to channel error.
Exiting due to channel error.
1608189968419	geckodriver	INFO	Listening on 127.0.0.1:4177
1608189971458	mozrunner::runner	INFO	Running command: "C:\\Program Files\\Mozilla Firefox\\firefox.exe" "--marionette" "--headless" "-foreground" "-no-remote" "-profile" "C:\\Users\\user\\AppData\\Local\\Temp\\rust_mozprofilejKEDUR"
*** You are running in headless mode.
JavaScript error: resource://gre/modules/XULStore.jsm, line 66: Error: Can't find profile directory.
console.warn: SearchSettings: "get: No settings file exists, new profile?" (new Error("", "(unknown module)"))
1608189973223	Marionette	INFO	Listening on port 4185
1608189973498	Marionette	WARN	TLS certificate errors will be ignored for this session
Exiting due to channel error.
Exiting due to channel error.
Exiting due to channel error.
1608191105010	geckodriver	INFO	Listening on 127.0.0.1:1336
1608191108047	mozrunner::runner	INFO	Running command: "C:\\Program Files\\Mozilla Firefox\\firefox.exe" "--marionette" "--headless" "-foreground" "-no-remote" "-profile" "C:\\Users\\user\\AppData\\Local\\Temp\\rust_mozprofiles0DuI1"
*** You are running in headless mode.
JavaScript error: resource://gre/modules/XULStore.jsm, line 66: Error: Can't find profile directory.
console.warn: SearchSettings: "get: No settings file exists, new profile?" (new Error("", "(unknown module)"))
1608191109337	Marionette	INFO	Listening on port 1345
1608191109570	Marionette	WARN	TLS certificate errors will be ignored for this session
Exiting due to channel error.
Exiting due to channel error.
8191785747	mozrunner::runner	INFO	Running command: "C:\\Program Files\\Mozilla Firefox\\firefox.exe" "--marionette" "--headless" "-foreground" "-no-remote" "-profile" "C:\\Users\\user\\AppData\\Local\\Temp\\rust_mozprofilePruCLV"
*** You are running in headless mode.
JavaScript error: resource://gre/modules/XULStore.jsm, line 66: Error: Can't find profile directory.
console.warn: SearchSettings: "get: No settings file exists, new profile?" (new Error("", "(unknown module)"))
1608191786846	Marionette	INFO	Listening on port 1745
1608191787267	Marionette	WARN	TLS certificate errors will be ignored for this session
Exiting due to channel error.
Exiting due to channel error.
Exiting due to channel error.
1608192046194	geckodriver	INFO	Listening on 127.0.0.1:12529
1608192049232	mozrunner::runner	INFO	Running command: "C:\\Program Files\\Mozilla Firefox\\firefox.exe" "--marionette" "--headless" "-foreground" "-no-remote" "-profile" "C:\\Users\\user\\AppData\\Local\\Temp\\rust_mozprofileNMpM28"
*** You are running in headless mode.
JavaScript error: resource://gre/modules/XULStore.jsm, line 66: Error: Can't find profile directory.
console.warn: SearchSettings: "get: No settings file exists, new profile?" (new Error("", "(unknown module)"))
1608192050501	Marionette	INFO	Listening on port 12537
1608192050754	Marionette	WARN	TLS certificate errors will be ignored for this session
1608204847866	geckodriver	INFO	Listening on 127.0.0.1:11347
1608204850884	mozrunner::runner	INFO	Running command: "C:\\Program Files\\Mozilla Firefox\\firefox.exe" "--marionette" "--headless" "-foreground" "-no-remote" "-profile" "C:\\Users\\user\\AppData\\Local\\Temp\\rust_mozprofilekMleK2"
*** You are running in headless mode.
JavaScript error: resource://gre/modules/XULStore.jsm, line 66: Error: Can't find profile directory.
console.warn: SearchSettings: "get: No settings file exists, new profile?" (new Error("", "(unknown module)"))
1608204852589	Marionette	INFO	Listening on port 11356
1608204852918	Marionette	WARN	TLS certificate errors will be ignored for this session
1608205717724	geckodriver	INFO	Listening on 127.0.0.1:12178
1608205720744	mozrunner::runner	INFO	Running command: "C:\\Program Files\\Mozilla Firefox\\firefox.exe" "--marionette" "--headless" "-foreground" "-no-remote" "-profile" "C:\\Users\\user\\AppData\\Local\\Temp\\rust_mozprofileu8E9AP"
*** You are running in headless mode.
JavaScript error: resource://gre/modules/XULStore.jsm, line 66: Error: Can't find profile directory.
console.warn: SearchSettings: "get: No settings file exists, new profile?" (new Error("", "(unknown module)"))
1608205722218	Marionette	INFO	Listening on port 12188
1608205722266	Marionette	WARN	TLS certificate errors will be ignored for this session
A content process crashed and MOZ_CRASHREPORTER_SHUTDOWN is set, shutting down
[Parent 2108, Gecko_IOThread] WARNING: file /builds/worker/checkouts/gecko/ipc/chromium/src/base/process_util_win.cc:166
[Parent 2108, Gecko_IOThread] WARNING: file /builds/worker/checkouts/gecko/ipc/chromium/src/base/process_util_win.cc:166
1608213623630	Marionette	INFO	Stopped listening on port 12188
line 66: Error: Can't find profile directory.
console.warn: SearchSettings: "get: No settings file exists, new profile?" (new Error("", "(unknown module)"))
1608206270399	Marionette	INFO	Listening on port 13094
1608206270725	Marionette	WARN	TLS certificate errors will be ignored for this session
1608206724643	geckodriver	INFO	Listening on 127.0.0.1:13929
1608206727666	mozrunner::runner	INFO	Running command: "C:\\Program Files\\Mozilla Firefox\\firefox.exe" "--marionette" "--headless" "-foreground" "-no-remote" "-profile" "C:\\Users\\user\\AppData\\Local\\Temp\\rust_mozprofilex29QzR"
*** You are running in headless mode.
JavaScript error: resource://gre/modules/XULStore.jsm, line 66: Error: Can't find profile directory.
console.warn: SearchSettings: "get: No settings file exists, new profile?" (new Error("", "(unknown module)"))
1608206729074	Marionette	INFO	Listening on port 13938
1608206729187	Marionette	WARN	TLS certificate errors will be ignored for this session

###!!! [Parent][MessageChannel] Error: (msgtype=0x3A0148,name=PContent::Msg_AsyncMessage) Channel error: cannot send/recv

A content process crashed and MOZ_CRASHREPORTER_SHUTDOWN is set, shutting down
[Parent 12668, Gecko_IOThread] WARNING: file /builds/worker/checkouts/gecko/ipc/chromium/src/base/process_util_win.cc:166
1608213617880	Marionette	INFO	Stopped listening on port 13938
6: Error: Can't find profile directory.
console.warn: SearchSettings: "get: No settings file exists, new profile?" (new Error("", "(unknown module)"))
1608207237669	Marionette	INFO	Listening on port 14751
1608207237887	Marionette	WARN	TLS certificate errors will be ignored for this session
A content process crashed and MOZ_CRASHREPORTER_SHUTDOWN is set, shutting down
[Parent 1492, Gecko_IOThread] WARNING: file /builds/worker/checkouts/gecko/ipc/chromium/src/base/process_util_win.cc:166
[Parent 1492, Gecko_IOThread] WARNING: file /builds/worker/checkouts/gecko/ipc/chromium/src/base/process_util_win.cc:166
1608213616129	Marionette	INFO	Stopped listening on port 14751
line 66: Error: Can't find profile directory.
console.warn: SearchSettings: "get: No settings file exists, new profile?" (new Error("", "(unknown module)"))
1608207488873	Marionette	INFO	Listening on port 1032
1608207489024	Marionette	WARN	TLS certificate errors will be ignored for this session
A content process crashed and MOZ_CRASHREPORTER_SHUTDOWN is set, shutting down
[Parent 9476, Gecko_IOThread] WARNING: file /builds/worker/checkouts/gecko/ipc/chromium/src/base/process_util_win.cc:166
[Parent 9476, Gecko_IOThread] WARNING: file /builds/worker/checkouts/gecko/ipc/chromium/src/base/process_util_win.cc:166
1608213613873	Marionette	INFO	Stopped listening on port 1032
line 66: Error: Can't find profile directory.
console.warn: SearchSettings: "get: No settings file exists, new profile?" (new Error("", "(unknown module)"))
1608208738590	Marionette	INFO	Listening on port 1904
1608208738698	Marionette	WARN	TLS certificate errors will be ignored for this session
1608209156499	geckodriver	INFO	Listening on 127.0.0.1:2658
1608209159522	mozrunner::runner	INFO	Running command: "C:\\Program Files\\Mozilla Firefox\\firefox.exe" "--marionette" "--headless" "-foreground" "-no-remote" "-profile" "C:\\Users\\user\\AppData\\Local\\Temp\\rust_mozprofileo4TVjh"
*** You are running in headless mode.
JavaScript error: resource://gre/modules/XULStore.jsm, line 66: Error: Can't find profile directory.
console.warn: SearchSettings: "get: No settings file exists, new profile?" (new Error("", "(unknown module)"))
1608209160932	Marionette	INFO	Listening on port 2666
1608209161043	Marionette	WARN	TLS certificate errors will be ignored for this session
A content process crashed and MOZ_CRASHREPORTER_SHUTDOWN is set, shutting down
[Parent 17048, Gecko_IOThread] WARNING: file /builds/worker/checkouts/gecko/ipc/chromium/src/base/process_util_win.cc:166
1608213645270	Marionette	INFO	Stopped listening on port 2666
mp\\rust_mozprofilewT8UBi"
*** You are running in headless mode.
JavaScript error: resource://gre/modules/XULStore.jsm, line 66: Error: Can't find profile directory.
console.warn: SearchSettings: "get: No settings file exists, new profile?" (new Error("", "(unknown module)"))
1608209576366	Marionette	INFO	Listening on port 3439
1608209576827	Marionette	WARN	TLS certificate errors will be ignored for this session
A content process crashed and MOZ_CRASHREPORTER_SHUTDOWN is set, shutting down
[Parent 14364, Gecko_IOThread] WARNING: file /builds/worker/checkouts/gecko/ipc/chromium/src/base/process_util_win.cc:166
1608213631837	Marionette	INFO	Stopped listening on port 3439
mp\\rust_mozprofilelDwB5Y"
*** You are running in headless mode.
JavaScript error: resource://gre/modules/XULStore.jsm, line 66: Error: Can't find profile directory.
console.warn: SearchSettings: "get: No settings file exists, new profile?" (new Error("", "(unknown module)"))
1608209988532	Marionette	INFO	Listening on port 4209
1608209988678	Marionette	WARN	TLS certificate errors will be ignored for this session
A content process crashed and MOZ_CRASHREPORTER_SHUTDOWN is set, shutting down
[Parent 3968, Gecko_IOThread] WARNING: file /builds/worker/checkouts/gecko/ipc/chromium/src/base/process_util_win.cc:166
1608213639195	Marionette	INFO	Stopped listening on port 4209
emp\\rust_mozprofileKSKSTV"
*** You are running in headless mode.
JavaScript error: resource://gre/modules/XULStore.jsm, line 66: Error: Can't find profile directory.
console.warn: SearchSettings: "get: No settings file exists, new profile?" (new Error("", "(unknown module)"))
1608211479686	Marionette	INFO	Listening on port 4996
1608211479852	Marionette	WARN	TLS certificate errors will be ignored for this session
A content process crashed and MOZ_CRASHREPORTER_SHUTDOWN is set, shutting down
[Parent 7200, Gecko_IOThread] WARNING: file /builds/worker/checkouts/gecko/ipc/chromium/src/base/process_util_win.cc:166
[Parent 7200, Gecko_IOThread] WARNING: file /builds/worker/checkouts/gecko/ipc/chromium/src/base/process_util_win.cc:166
1608213628583	Marionette	INFO	Stopped listening on port 4996
line 66: Error: Can't find profile directory.
console.warn: SearchSettings: "get: No settings file exists, new profile?" (new Error("", "(unknown module)"))
1608211916835	Marionette	INFO	Listening on port 5769
1608211917326	Marionette	WARN	TLS certificate errors will be ignored for this session
Exiting due to channel error.
1608213671071	geckodriver	INFO	Listening on 127.0.0.1:6373
1608213674095	mozrunner::runner	INFO	Running command: "C:\\Program Files\\Mozilla Firefox\\firefox.exe" "--marionette" "--headless" "-foreground" "-no-remote" "-profile" "C:\\Users\\user\\AppData\\Local\\Temp\\rust_mozprofilemsCQCO"
*** You are running in headless mode.
JavaScript error: resource://gre/modules/XULStore.jsm, line 66: Error: Can't find profile directory.
console.warn: SearchSettings: "get: No settings file exists, new profile?" (new Error("", "(unknown module)"))
1608213675505	Marionette	INFO	Listening on port 6381
1608213675620	Marionette	WARN	TLS certificate errors will be ignored for this session
JavaScript error: , line 0: NS_ERROR_NOT_AVAILABLE
1:7155
1608214235495	mozrunner::runner	INFO	Running command: "C:\\Program Files\\Mozilla Firefox\\firefox.exe" "--marionette" "--headless" "-foreground" "-no-remote" "-profile" "C:\\Users\\user\\AppData\\Local\\Temp\\rust_mozprofilelU4vRB"
*** You are running in headless mode.
JavaScript error: resource://gre/modules/XULStore.jsm, line 66: Error: Can't find profile directory.
console.warn: SearchSettings: "get: No settings file exists, new profile?" (new Error("", "(unknown module)"))
1608214236769	Marionette	INFO	Listening on port 7163
1608214237028	Marionette	WARN	TLS certificate errors will be ignored for this session
JavaScript error: , line 0: NS_ERROR_NOT_AVAILABLE
A content process crashed and MOZ_CRASHREPORTER_SHUTDOWN is set, shutting down
[Parent 20372, Gecko_IOThread] WARNING: file /builds/worker/checkouts/gecko/ipc/chromium/src/base/process_util_win.cc:166
[Parent 20372, Gecko_IOThread] WARNING: file /builds/worker/checkouts/gecko/ipc/chromium/src/base/process_util_win.cc:166
1608351380190	Marionette	INFO	Stopped listening on port 7163
.warn: SearchSettings: "get: No settings file exists, new profile?" (new Error("", "(unknown module)"))
1608214710257	Marionette	INFO	Listening on port 7936
1608214710519	Marionette	WARN	TLS certificate errors will be ignored for this session
JavaScript error: , line 0: NS_ERROR_NOT_AVAILABLE
A content process crashed and MOZ_CRASHREPORTER_SHUTDOWN is set, shutting down
[Parent 8716, Gecko_IOThread] WARNING: file /builds/worker/checkouts/gecko/ipc/chromium/src/base/process_util_win.cc:166
1608351370637	Marionette	INFO	Stopped listening on port 7936
eadless mode.
JavaScript error: resource://gre/modules/XULStore.jsm, line 66: Error: Can't find profile directory.
console.warn: SearchSettings: "get: No settings file exists, new profile?" (new Error("", "(unknown module)"))
1608215098190	Marionette	INFO	Listening on port 8535
1608215098452	Marionette	WARN	TLS certificate errors will be ignored for this session
JavaScript error: , line 0: NS_ERROR_NOT_AVAILABLE
1:9378
1608215612624	mozrunner::runner	INFO	Running command: "C:\\Program Files\\Mozilla Firefox\\firefox.exe" "--marionette" "--headless" "-foreground" "-no-remote" "-profile" "C:\\Users\\user\\AppData\\Local\\Temp\\rust_mozprofile7OF0XI"
*** You are running in headless mode.
JavaScript error: resource://gre/modules/XULStore.jsm, line 66: Error: Can't find profile directory.
console.warn: SearchSettings: "get: No settings file exists, new profile?" (new Error("", "(unknown module)"))
1608215613893	Marionette	INFO	Listening on port 9386
1608215614151	Marionette	WARN	TLS certificate errors will be ignored for this session
JavaScript error: , line 0: NS_ERROR_NOT_AVAILABLE
1608744097020	geckodriver	INFO	Listening on 127.0.0.1:3846
1608744100061	mozrunner::runner	INFO	Running command: "C:\\Program Files\\Mozilla Firefox\\firefox.exe" "--marionette" "-foreground" "-no-remote" "-profile" "C:\\Users\\user\\AppData\\Local\\Temp\\rust_mozprofilelQ8V4U"
Can't find symbol 'eglSwapBuffersWithDamageEXT'.
Can't find symbol 'eglSetDamageRegionKHR'.
JavaScript error: resource://gre/modules/XULStore.jsm, line 66: Error: Can't find profile directory.
console.warn: SearchSettings: "get: No settings file exists, new profile?" (new Error("", "(unknown module)"))
1608744102550	Marionette	INFO	Listening on port 3854
1608744102697	Marionette	WARN	TLS certificate errors will be ignored for this session
1608744110300	Marionette	INFO	Stopped listening on port 3854

###!!! [Child][RunMessage] Error: Channel closing: too late to send/recv, messages will be lost


###!!! [Child][MessageChannel::SendAndWait] Error: Channel error: cannot send/recv

1608789719470	geckodriver	INFO	Listening on 127.0.0.1:5409
1608789722479	mozrunner::runner	INFO	Running command: "C:\\Program Files\\Mozilla Firefox\\firefox.exe" "--marionette" "-foreground" "-no-remote" "-profile" "C:\\Users\\user\\AppData\\Local\\Temp\\rust_mozprofileuxC93W"
Can't find symbol 'eglSwapBuffersWithDamageEXT'.
Can't find symbol 'eglSetDamageRegionKHR'.
JavaScript error: resource://gre/modules/XULStore.jsm, line 66: Error: Can't find profile directory.
console.warn: SearchSettings: "get: No settings file exists, new profile?" (new Error("", "(unknown module)"))
1608789726226	Marionette	INFO	Listening on port 5417
1608789726623	Marionette	WARN	TLS certificate errors will be ignored for this session
1608789764694	Marionette	INFO	Stopped listening on port 5417

###!!! [Child][RunMessage] Error: Channel closing: too late to send/recv, messages will be lost


###!!! [Child][MessageChannel::SendAndWait] Error: Channel error: cannot send/recv

1608790188777	geckodriver	INFO	Listening on 127.0.0.1:5530
1608790191785	mozrunner::runner	INFO	Running command: "C:\\Program Files\\Mozilla Firefox\\firefox.exe" "--marionette" "-foreground" "-no-remote" "-profile" "C:\\Users\\user\\AppData\\Local\\Temp\\rust_mozprofileAA5H4m"
Can't find symbol 'eglSwapBuffersWithDamageEXT'.
Can't find symbol 'eglSetDamageRegionKHR'.
JavaScript error: resource://gre/modules/XULStore.jsm, line 66: Error: Can't find profile directory.
console.warn: SearchSettings: "get: No settings file exists, new profile?" (new Error("", "(unknown module)"))
1608790194611	Marionette	INFO	Listening on port 5538
1608790194920	Marionette	WARN	TLS certificate errors will be ignored for this session
1608790205115	Marionette	INFO	Stopped listening on port 5538

###!!! [Child][RunMessage] Error: Channel closing: too late to send/recv, messages will be lost


###!!! [Child][MessageChannel::SendAndWait] Error: Channel error: cannot send/recv

1608794564684	geckodriver	INFO	Listening on 127.0.0.1:5832
1608794567744	mozrunner::runner	INFO	Running command: "C:\\Program Files\\Mozilla Firefox\\firefox.exe" "--marionette" "-foreground" "-no-remote" "-profile" "C:\\Users\\user\\AppData\\Local\\Temp\\rust_mozprofile0zeQAn"
Can't find symbol 'eglSwapBuffersWithDamageEXT'.
Can't find symbol 'eglSetDamageRegionKHR'.
JavaScript error: resource://gre/modules/XULStore.jsm, line 66: Error: Can't find profile directory.
console.warn: SearchSettings: "get: No settings file exists, new profile?" (new Error("", "(unknown module)"))
1608794570185	Marionette	INFO	Listening on port 5840
1608794570381	Marionette	WARN	TLS certificate errors will be ignored for this session
1608794584144	Marionette	INFO	Stopped listening on port 5840

###!!! [Child][RunMessage] Error: Channel closing: too late to send/recv, messages will be lost


###!!! [Child][MessageChannel::SendAndWait] Error: Channel error: cannot send/recv

1608795134222	geckodriver	INFO	Listening on 127.0.0.1:5928
1608795137269	mozrunner::runner	INFO	Running command: "C:\\Program Files\\Mozilla Firefox\\firefox.exe" "--marionette" "-foreground" "-no-remote" "-profile" "C:\\Users\\user\\AppData\\Local\\Temp\\rust_mozprofileRFDdRe"
Can't find symbol 'eglSwapBuffersWithDamageEXT'.
Can't find symbol 'eglSetDamageRegionKHR'.
JavaScript error: resource://gre/modules/XULStore.jsm, line 66: Error: Can't find profile directory.
console.warn: SearchSettings: "get: No settings file exists, new profile?" (new Error("", "(unknown module)"))
1608795139630	Marionette	INFO	Listening on port 5936
1608795139904	Marionette	WARN	TLS certificate errors will be ignored for this session
[Parent 16064, Gecko_IOThread] WARNING: file /builds/worker/checkouts/gecko/ipc/chromium/src/base/process_util_win.cc:166
1608795152268	Marionette	INFO	Stopped listening on port 5936

###!!! [Child][RunMessage] Error: Channel closing: too late to send/recv, messages will be lost


###!!! [Child][MessageChannel::SendAndWait] Error: Channel error: cannot send/recv

